# JRE version: Java(TM) SE Runtime Environment (8.0_101-b13) (build 1.8.0_101-b13)
# Java VM: Java HotSpot(TM) Client VM (25.101-b13 mixed mode windows-x86 )
Heap:
 def new generation   total 30528K, used 2578K [0x04400000, 0x06510000, 0x09950000)
  eden space 27200K,   3% used [0x04400000, 0x044dec80, 0x05e90000)
  from space 3328K,  50% used [0x05e90000, 0x06035dc0, 0x061d0000)
  to   space 3328K,   0% used [0x061d0000, 0x061d0000, 0x06510000)
 tenured generation   total 67596K, used 35011K [0x09950000, 0x0db53000, 0x14400000)
   the space 67596K,  51% used [0x09950000, 0x0bb80c08, 0x0bb80e00, 0x0db53000)
 Metaspace       used 33101K, capacity 33472K, committed 33664K, reserved 34176K
GC Heap History (10 events):
Event: 325.454 GC heap before
{Heap before GC invocations=136 (full 5):
 def new generation   total 30528K, used 30528K [0x04400000, 0x06510000, 0x09950000)
  eden space 27200K, 100% used [0x04400000, 0x05e90000, 0x05e90000)
  from space 3328K, 100% used [0x061d0000, 0x06510000, 0x06510000)
  to   space 3328K,   0% used [0x05e90000, 0x05e90000, 0x061d0000)
 tenured generation   total 67596K, used 28893K [0x09950000, 0x0db53000, 0x14400000)
   the space 67596K,  42% used [0x09950000, 0x0b587488, 0x0b587600, 0x0db53000)
 Metaspace       used 32801K, capacity 33130K, committed 33408K, reserved 34176K
Event: 325.467 GC heap after
Heap after GC invocations=137 (full 5):
 def new generation   total 30528K, used 1373K [0x04400000, 0x06510000, 0x09950000)
  eden space 27200K,   0% used [0x04400000, 0x04400000, 0x05e90000)
  from space 3328K,  41% used [0x05e90000, 0x05fe7620, 0x061d0000)
  to   space 3328K,   0% used [0x061d0000, 0x061d0000, 0x06510000)
 tenured generation   total 67596K, used 32184K [0x09950000, 0x0db53000, 0x14400000)
   the space 67596K,  47% used [0x09950000, 0x0b8be168, 0x0b8be200, 0x0db53000)
 Metaspace       used 32801K, capacity 33130K, committed 33408K, reserved 34176K
}
Event: 325.850 GC heap before
{Heap before GC invocations=137 (full 5):
 def new generation   total 30528K, used 28573K [0x04400000, 0x06510000, 0x09950000)
  eden space 27200K, 100% used [0x04400000, 0x05e90000, 0x05e90000)
  from space 3328K,  41% used [0x05e90000, 0x05fe7620, 0x061d0000)
  to   space 3328K,   0% used [0x061d0000, 0x061d0000, 0x06510000)
 tenured generation   total 67596K, used 32184K [0x09950000, 0x0db53000, 0x14400000)
   the space 67596K,  47% used [0x09950000, 0x0b8be168, 0x0b8be200, 0x0db53000)
 Metaspace       used 33005K, capacity 33345K, committed 33536K, reserved 34176K
Event: 325.857 GC heap after
Heap after GC invocations=138 (full 5):
 def new generation   total 30528K, used 2076K [0x04400000, 0x06510000, 0x09950000)
  eden space 27200K,   0% used [0x04400000, 0x04400000, 0x05e90000)
  from space 3328K,  62% used [0x061d0000, 0x063d7270, 0x06510000)
  to   space 3328K,   0% used [0x05e90000, 0x05e90000, 0x061d0000)
 tenured generation   total 67596K, used 32184K [0x09950000, 0x0db53000, 0x14400000)
   the space 67596K,  47% used [0x09950000, 0x0b8be168, 0x0b8be200, 0x0db53000)
 Metaspace       used 33005K, capacity 33345K, committed 33536K, reserved 34176K
}
Event: 326.404 GC heap before
{Heap before GC invocations=138 (full 5):
 def new generation   total 30528K, used 29276K [0x04400000, 0x06510000, 0x09950000)
  eden space 27200K, 100% used [0x04400000, 0x05e90000, 0x05e90000)
  from space 3328K,  62% used [0x061d0000, 0x063d7270, 0x06510000)
  to   space 3328K,   0% used [0x05e90000, 0x05e90000, 0x061d0000)
 tenured generation   total 67596K, used 32184K [0x09950000, 0x0db53000, 0x14400000)
   the space 67596K,  47% used [0x09950000, 0x0b8be168, 0x0b8be200, 0x0db53000)
 Metaspace       used 33060K, capacity 33415K, committed 33536K, reserved 34176K
Event: 326.413 GC heap after
Heap after GC invocations=139 (full 5):
 def new generation   total 30528K, used 1711K [0x04400000, 0x06510000, 0x09950000)
  eden space 27200K,   0% used [0x04400000, 0x04400000, 0x05e90000)
  from space 3328K,  51% used [0x05e90000, 0x0603bc98, 0x061d0000)
  to   space 3328K,   0% used [0x061d0000, 0x061d0000, 0x06510000)
 tenured generation   total 67596K, used 33500K [0x09950000, 0x0db53000, 0x14400000)
   the space 67596K,  49% used [0x09950000, 0x0ba07308, 0x0ba07400, 0x0db53000)
 Metaspace       used 33060K, capacity 33415K, committed 33536K, reserved 34176K
}
Event: 326.946 GC heap before
{Heap before GC invocations=139 (full 5):
 def new generation   total 30528K, used 28911K [0x04400000, 0x06510000, 0x09950000)
  eden space 27200K, 100% used [0x04400000, 0x05e90000, 0x05e90000)
  from space 3328K,  51% used [0x05e90000, 0x0603bc98, 0x061d0000)
  to   space 3328K,   0% used [0x061d0000, 0x061d0000, 0x06510000)
 tenured generation   total 67596K, used 33500K [0x09950000, 0x0db53000, 0x14400000)
   the space 67596K,  49% used [0x09950000, 0x0ba07308, 0x0ba07400, 0x0db53000)
 Metaspace       used 33066K, capacity 33417K, committed 33536K, reserved 34176K
Event: 326.954 GC heap after
Heap after GC invocations=140 (full 5):
 def new generation   total 30528K, used 1936K [0x04400000, 0x06510000, 0x09950000)
  eden space 27200K,   0% used [0x04400000, 0x04400000, 0x05e90000)
  from space 3328K,  58% used [0x061d0000, 0x063b4188, 0x06510000)
  to   space 3328K,   0% used [0x05e90000, 0x05e90000, 0x061d0000)
 tenured generation   total 67596K, used 34236K [0x09950000, 0x0db53000, 0x14400000)
   the space 67596K,  50% used [0x09950000, 0x0babf238, 0x0babf400, 0x0db53000)
 Metaspace       used 33066K, capacity 33417K, committed 33536K, reserved 34176K
}
Event: 333.857 GC heap before
{Heap before GC invocations=140 (full 5):
 def new generation   total 30528K, used 29136K [0x04400000, 0x06510000, 0x09950000)
  eden space 27200K, 100% used [0x04400000, 0x05e90000, 0x05e90000)
  from space 3328K,  58% used [0x061d0000, 0x063b4188, 0x06510000)
  to   space 3328K,   0% used [0x05e90000, 0x05e90000, 0x061d0000)
 tenured generation   total 67596K, used 34236K [0x09950000, 0x0db53000, 0x14400000)
   the space 67596K,  50% used [0x09950000, 0x0babf238, 0x0babf400, 0x0db53000)
 Metaspace       used 33084K, capacity 33440K, committed 33536K, reserved 34176K
Event: 333.869 GC heap after
Heap after GC invocations=141 (full 5):
 def new generation   total 30528K, used 1687K [0x04400000, 0x06510000, 0x09950000)
  eden space 27200K,   0% used [0x04400000, 0x04400000, 0x05e90000)
  from space 3328K,  50% used [0x05e90000, 0x06035dc0, 0x061d0000)
  to   space 3328K,   0% used [0x061d0000, 0x061d0000, 0x06510000)
 tenured generation   total 67596K, used 35011K [0x09950000, 0x0db53000, 0x14400000)
   the space 67596K,  51% used [0x09950000, 0x0bb80c08, 0x0bb80e00, 0x0db53000)
 Metaspace       used 33084K, capacity 33440K, committed 33536K, reserved 34176K
}

