# JRE version: Java(TM) SE Runtime Environment (8.0_101-b13) (build 1.8.0_101-b13)
# Java VM: Java HotSpot(TM) Client VM (25.101-b13 mixed mode windows-x86 )
Heap:
 def new generation   total 13760K, used 3293K [0x04400000, 0x052e0000, 0x09950000)
  eden space 12288K,  16% used [0x04400000, 0x045f7758, 0x05000000)
  from space 1472K,  86% used [0x05000000, 0x0513fcd8, 0x05170000)
  to   space 1472K,   0% used [0x05170000, 0x05170000, 0x052e0000)
 tenured generation   total 30420K, used 26782K [0x09950000, 0x0b705000, 0x14400000)
   the space 30420K,  88% used [0x09950000, 0x0b377838, 0x0b377a00, 0x0b705000)
 Metaspace       used 27687K, capacity 27979K, committed 28160K, reserved 29056K
GC Heap History (10 events):
Event: 8.827 GC heap before
{Heap before GC invocations=110 (full 3):
 def new generation   total 13760K, used 13359K [0x04400000, 0x052e0000, 0x09950000)
  eden space 12288K, 100% used [0x04400000, 0x05000000, 0x05000000)
  from space 1472K,  72% used [0x05170000, 0x0527bf38, 0x052e0000)
  to   space 1472K,   0% used [0x05000000, 0x05000000, 0x05170000)
 tenured generation   total 30420K, used 24671K [0x09950000, 0x0b705000, 0x14400000)
   the space 30420K,  81% used [0x09950000, 0x0b167e80, 0x0b168000, 0x0b705000)
 Metaspace       used 26623K, capacity 26907K, committed 27136K, reserved 28032K
Event: 8.833 GC heap after
Heap after GC invocations=111 (full 3):
 def new generation   total 13760K, used 1119K [0x04400000, 0x052e0000, 0x09950000)
  eden space 12288K,   0% used [0x04400000, 0x04400000, 0x05000000)
  from space 1472K,  76% used [0x05000000, 0x05117e70, 0x05170000)
  to   space 1472K,   0% used [0x05170000, 0x05170000, 0x052e0000)
 tenured generation   total 30420K, used 25218K [0x09950000, 0x0b705000, 0x14400000)
   the space 30420K,  82% used [0x09950000, 0x0b1f0b00, 0x0b1f0c00, 0x0b705000)
 Metaspace       used 26623K, capacity 26907K, committed 27136K, reserved 28032K
}
Event: 8.968 GC heap before
{Heap before GC invocations=111 (full 3):
 def new generation   total 13760K, used 13407K [0x04400000, 0x052e0000, 0x09950000)
  eden space 12288K, 100% used [0x04400000, 0x05000000, 0x05000000)
  from space 1472K,  76% used [0x05000000, 0x05117e70, 0x05170000)
  to   space 1472K,   0% used [0x05170000, 0x05170000, 0x052e0000)
 tenured generation   total 30420K, used 25218K [0x09950000, 0x0b705000, 0x14400000)
   the space 30420K,  82% used [0x09950000, 0x0b1f0b00, 0x0b1f0c00, 0x0b705000)
 Metaspace       used 26765K, capacity 27078K, committed 27264K, reserved 28032K
Event: 8.973 GC heap after
Heap after GC invocations=112 (full 3):
 def new generation   total 13760K, used 571K [0x04400000, 0x052e0000, 0x09950000)
  eden space 12288K,   0% used [0x04400000, 0x04400000, 0x05000000)
  from space 1472K,  38% used [0x05170000, 0x051fed90, 0x052e0000)
  to   space 1472K,   0% used [0x05000000, 0x05000000, 0x05170000)
 tenured generation   total 30420K, used 26020K [0x09950000, 0x0b705000, 0x14400000)
   the space 30420K,  85% used [0x09950000, 0x0b2b9268, 0x0b2b9400, 0x0b705000)
 Metaspace       used 26765K, capacity 27078K, committed 27264K, reserved 28032K
}
Event: 9.100 GC heap before
{Heap before GC invocations=112 (full 3):
 def new generation   total 13760K, used 12859K [0x04400000, 0x052e0000, 0x09950000)
  eden space 12288K, 100% used [0x04400000, 0x05000000, 0x05000000)
  from space 1472K,  38% used [0x05170000, 0x051fed90, 0x052e0000)
  to   space 1472K,   0% used [0x05000000, 0x05000000, 0x05170000)
 tenured generation   total 30420K, used 26020K [0x09950000, 0x0b705000, 0x14400000)
   the space 30420K,  85% used [0x09950000, 0x0b2b9268, 0x0b2b9400, 0x0b705000)
 Metaspace       used 26881K, capacity 27176K, committed 27392K, reserved 28032K
Event: 9.104 GC heap after
Heap after GC invocations=113 (full 3):
 def new generation   total 13760K, used 931K [0x04400000, 0x052e0000, 0x09950000)
  eden space 12288K,   0% used [0x04400000, 0x04400000, 0x05000000)
  from space 1472K,  63% used [0x05000000, 0x050e8f18, 0x05170000)
  to   space 1472K,   0% used [0x05170000, 0x05170000, 0x052e0000)
 tenured generation   total 30420K, used 26020K [0x09950000, 0x0b705000, 0x14400000)
   the space 30420K,  85% used [0x09950000, 0x0b2b9268, 0x0b2b9400, 0x0b705000)
 Metaspace       used 26881K, capacity 27176K, committed 27392K, reserved 28032K
}
Event: 9.230 GC heap before
{Heap before GC invocations=113 (full 3):
 def new generation   total 13760K, used 13219K [0x04400000, 0x052e0000, 0x09950000)
  eden space 12288K, 100% used [0x04400000, 0x05000000, 0x05000000)
  from space 1472K,  63% used [0x05000000, 0x050e8f18, 0x05170000)
  to   space 1472K,   0% used [0x05170000, 0x05170000, 0x052e0000)
 tenured generation   total 30420K, used 26020K [0x09950000, 0x0b705000, 0x14400000)
   the space 30420K,  85% used [0x09950000, 0x0b2b9268, 0x0b2b9400, 0x0b705000)
 Metaspace       used 27090K, capacity 27405K, committed 27520K, reserved 28032K
Event: 9.234 GC heap after
Heap after GC invocations=114 (full 3):
 def new generation   total 13760K, used 976K [0x04400000, 0x052e0000, 0x09950000)
  eden space 12288K,   0% used [0x04400000, 0x04400000, 0x05000000)
  from space 1472K,  66% used [0x05170000, 0x052643d8, 0x052e0000)
  to   space 1472K,   0% used [0x05000000, 0x05000000, 0x05170000)
 tenured generation   total 30420K, used 26430K [0x09950000, 0x0b705000, 0x14400000)
   the space 30420K,  86% used [0x09950000, 0x0b31f850, 0x0b31fa00, 0x0b705000)
 Metaspace       used 27090K, capacity 27405K, committed 27520K, reserved 28032K
}
Event: 40.737 GC heap before
{Heap before GC invocations=114 (full 3):
 def new generation   total 13760K, used 13264K [0x04400000, 0x052e0000, 0x09950000)
  eden space 12288K, 100% used [0x04400000, 0x05000000, 0x05000000)
  from space 1472K,  66% used [0x05170000, 0x052643d8, 0x052e0000)
  to   space 1472K,   0% used [0x05000000, 0x05000000, 0x05170000)
 tenured generation   total 30420K, used 26430K [0x09950000, 0x0b705000, 0x14400000)
   the space 30420K,  86% used [0x09950000, 0x0b31f850, 0x0b31fa00, 0x0b705000)
 Metaspace       used 27665K, capacity 27964K, committed 28160K, reserved 29056K
Event: 40.759 GC heap after
Heap after GC invocations=115 (full 3):
 def new generation   total 13760K, used 1279K [0x04400000, 0x052e0000, 0x09950000)
  eden space 12288K,   0% used [0x04400000, 0x04400000, 0x05000000)
  from space 1472K,  86% used [0x05000000, 0x0513fcd8, 0x05170000)
  to   space 1472K,   0% used [0x05170000, 0x05170000, 0x052e0000)
 tenured generation   total 30420K, used 26782K [0x09950000, 0x0b705000, 0x14400000)
   the space 30420K,  88% used [0x09950000, 0x0b377838, 0x0b377a00, 0x0b705000)
 Metaspace       used 27665K, capacity 27964K, committed 28160K, reserved 29056K
}

